AliyunSVideoBase/build/intermediates/manifest_merge_blame_file/debug/manifest-merger-blame-debug-report.txt
1<?xml version="1.0" encoding="utf-8"?>
2<manifest xmlns:android="http://schemas.android.com/apk/res/android"
3    package="com.aliyun.svideo.base" >
4
5    <uses-sdk
6        android:minSdkVersion="21"
6-->src/main/AndroidManifest.xml
7        android:targetSdkVersion="29" />
7-->src/main/AndroidManifest.xml
8
9    <application
9-->src/main/AndroidManifest.xml:5:5-13:19
10        android:label="@string/app_name"
10-->src/main/AndroidManifest.xml:6:9-41
11        android:supportsRtl="true" >
11-->src/main/AndroidManifest.xml:7:9-35
12        <activity android:name="com.aliyun.svideo.base.CopyrightWebActivity" />
12-->src/main/AndroidManifest.xml:8:9-67
12-->src/main/AndroidManifest.xml:8:19-55
13        <activity
13-->src/main/AndroidManifest.xml:9:9-12:15
14            android:name="com.aliyun.svideo.base.ui.SdkVersionActivity"
14-->src/main/AndroidManifest.xml:10:13-50
15            android:theme="@style/Theme.AppCompat.Light.NoActionBar" />
15-->src/main/AndroidManifest.xml:11:13-69
16    </application>
17
18</manifest>